Entrou no nível 0 da árvore.
X: 3.75
Y: 1.25
FO: 23.75

Entrou no nível 1 da árvore.
X: 3.0
Y: 2.0
FO: 23.0
Solução encontrada!
Saiu do nível 1 da árvore.

Entrou no nível 0 da árvore.
X: 4.0
Y: 0.8333333333333334
FO: 23.333333333333332

Entrou no nível 1 da árvore.
X: 4.5
Y: 0.0
FO: 22.5

Entrou no nível 2 da árvore.
X: 4.0
Y: 0.0
FO: 20.0

Entrou no nível 2 da árvore.

Entrou no nível 1 da árvore.

Entrou no nível 0 da árvore.
X: 3.9
Y: 1.0
FO: 23.5

Entrou no nível 1 da árvore.
X: 3.0
Y: 1.0
FO: 19.0

Entrou no nível 1 da árvore.
X: 4.0
Y: 0.8333333333333334
FO: 23.333333333333332

Entrou no nível 2 da árvore.
X: 4.5
Y: 0.0
FO: 22.5

Entrou no nível 3 da árvore.
X: 4.0
Y: 0.0
FO: 20.0

Entrou no nível 3 da árvore.

Entrou no nível 2 da árvore.


Entrou no nível 0 da árvore.
X: 3.0
Y: 2.0
FO: 23.0



Melhor solução encontrada:
X: 3.0
Y: 2.0
FO: 23.0